<?xml version="1.0" encoding="UTF-8"?>
<!-- Generated by org.testng.reporters.JUnitReportReporter -->
<testsuite skipped="0" hostname="vats-pc" name="Pre.CourseCreeation" tests="3" failures="0" timestamp="2020-11-19T11:03:22 IST" time="271.638" errors="0">
  <testcase name="login" time="75.124" classname="Pre.CourseCreeation"/>
  <testcase name="Schedule" time="105.870" classname="Pre.CourseCreeation"/>
  <testcase name="Selfpaced" time="90.644" classname="Pre.CourseCreeation"/>
</testsuite> <!-- Pre.CourseCreeation -->
