<?xml version="1.0" encoding="UTF-8"?>
<!-- Generated by org.testng.reporters.JUnitReportReporter -->
<testsuite skipped="0" hostname="vats-pc" name="Pre.Library" tests="2" failures="0" timestamp="2020-11-24T15:33:59 IST" time="73.543" errors="0">
  <testcase name="library" time="36.194" classname="Pre.Library"/>
  <testcase name="login" time="37.349" classname="Pre.Library"/>
</testsuite> <!-- Pre.Library -->
