<?xml version="1.0" encoding="UTF-8"?>
<!-- Generated by org.testng.reporters.JUnitReportReporter -->
<testsuite skipped="0" hostname="vats-pc" name="Pre.Reports" tests="2" failures="0" timestamp="2020-11-19T17:40:29 IST" time="81.850" errors="0">
  <testcase name="login" time="29.943" classname="Pre.Reports"/>
  <testcase name="report" time="51.907" classname="Pre.Reports"/>
</testsuite> <!-- Pre.Reports -->
