<?xml version="1.0" encoding="UTF-8"?>
<!-- Generated by org.testng.reporters.JUnitReportReporter -->
<testsuite skipped="0" hostname="vats-pc" name="Pre.Login" tests="1" failures="0" timestamp="2020-12-01T11:53:09 IST" time="75.101" errors="0">
  <testcase name="login" time="75.101" classname="Pre.Login"/>
</testsuite> <!-- Pre.Login -->
